06-Dec-2022 10:28:42 ERROR - Validator.INVALID_EMPLOYEE_NAME
java.lang.Exception: Validator.INVALID_EMPLOYEE_NAME
	at com.myapp.validator.Validator.validate(Validator.java:12) [classes/:?]
	at com.myapp.Tester.main(Tester.java:12) [classes/:?]
06-Dec-2022 10:30:10 ERROR - Validator.INVALID_EMPLOYEE_NAME
java.lang.Exception: Validator.INVALID_EMPLOYEE_NAME
	at com.myapp.validator.Validator.validate(Validator.java:12) [classes/:?]
	at com.myapp.Tester.main(Tester.java:12) [classes/:?]
06-Dec-2022 05:57:20 ERROR - Validator.INVALID_EMPLOYEE_NAME
java.lang.Exception: Validator.INVALID_EMPLOYEE_NAME
	at com.myapp.validator.Validator.validate(Validator.java:12) [classes/:?]
	at com.myapp.Tester.main(Tester.java:12) [classes/:?]
06-Dec-2022 06:00:37 ERROR - Validator.INVALID_EMPLOYEE_ID
java.lang.Exception: Validator.INVALID_EMPLOYEE_ID
	at com.myapp.validator.Validator.validate(Validator.java:14) [classes/:?]
	at com.myapp.Tester.main(Tester.java:12) [classes/:?]
06-Dec-2022 06:06:31 ERROR - Validator.INVALID_EMPLOYEE_ID
java.lang.Exception: Validator.INVALID_EMPLOYEE_ID
	at com.myapp.validator.Validator.validate(Validator.java:14) [classes/:?]
	at com.myapp.Tester.main(Tester.java:15) [classes/:?]
06-Dec-2022 06:06:31 ERROR - Validator.INVALID_EMPLOYEE_ID
java.lang.Exception: Validator.INVALID_EMPLOYEE_ID
	at com.myapp.validator.Validator.validate(Validator.java:14) ~[classes/:?]
	at com.myapp.Tester.main(Tester.java:15) [classes/:?]
